<?xml version="1.0" encoding="UTF-8"?>
<!-- Generated by org.testng.reporters.JUnitReportReporter -->
<testsuite hostname="DESKTOP-HP32715" name="ExtentReport.ExtentReportTesting" tests="1" failures="0" timestamp="27 Apr 2019 09:03:30 GMT" time="11.022" errors="0">
  <testcase name="noCommerceTitleTest" time="11.022" classname="ExtentReport.ExtentReportTesting"/>
</testsuite> <!-- ExtentReport.ExtentReportTesting -->
